<?xml version="1.0" encoding="UTF-8"?>
<!-- Generated by org.testng.reporters.JUnitReportReporter -->
<testsuite hostname="LAPTOP-V3OEAB3D" failures="0" tests="4" name="testclass.ProductTest" time="7.022" errors="0" timestamp="2023-07-19T09:47:28 IST" skipped="0">
  <testcase classname="testclass.ProductTest" name="validateFilter" time="0.950"/>
  <system-out/>
  <testcase classname="testclass.ProductTest" name="resetFilterValidation" time="0.710"/>
  <system-out/>
  <testcase classname="testclass.ProductTest" name="sortingFilter" time="3.442"/>
  <system-out/>
  <testcase classname="testclass.ProductTest" name="navToProduct" time="1.920"/>
  <system-out/>
</testsuite> <!-- testclass.ProductTest -->
