<?xml version="1.0" encoding="UTF-8"?>
<!-- Generated by org.testng.reporters.JUnitReportReporter -->
<testsuite hostname="LAPTOP-V3OEAB3D" failures="0" tests="2" name="testclass.HomeTest" time="1.072" errors="0" timestamp="2023-07-19T09:47:28 IST" skipped="0">
  <testcase classname="testclass.HomeTest" name="validateTitle" time="0.047"/>
  <system-out/>
  <testcase classname="testclass.HomeTest" name="navToSingleMalt" time="1.025"/>
  <system-out/>
</testsuite> <!-- testclass.HomeTest -->
